<?xml version="1.0" encoding="UTF-8"?>
<testng-results ignored="0" total="1" passed="1" failed="0" skipped="0">
  <reporter-output>
  </reporter-output>
  <suite started-at="2022-06-25T16:01:54 IST" name="Default suite" finished-at="2022-06-25T16:02:47 IST" duration-ms="53131">
    <groups>
    </groups>
    <test started-at="2022-06-25T16:01:54 IST" name="Default test" finished-at="2022-06-25T16:02:47 IST" duration-ms="53131">
      <class name="adminTest.addpttest">
        <test-method is-config="true" signature="setup()[pri:0, instance:adminTest.addpttest@3febb011]" started-at="2022-06-25T16:01:54 IST" name="setup" finished-at="2022-06-25T16:02:41 IST" duration-ms="46320" status="PASS">
          <reporter-output>
          </reporter-output>
        </test-method> <!-- setup -->
        <test-method signature="addpatienttest()[pri:0, instance:adminTest.addpttest@3febb011]" started-at="2022-06-25T16:02:41 IST" name="addpatienttest" finished-at="2022-06-25T16:02:47 IST" duration-ms="6570" status="PASS">
          <reporter-output>
          </reporter-output>
        </test-method> <!-- addpatienttest -->
        <test-method is-config="true" signature="teardown()[pri:0, instance:adminTest.addpttest@3febb011]" started-at="2022-06-25T16:02:47 IST" name="teardown" finished-at="2022-06-25T16:02:47 IST" duration-ms="123" status="PASS">
          <reporter-output>
          </reporter-output>
        </test-method> <!-- teardown -->
      </class> <!-- adminTest.addpttest -->
    </test> <!-- Default test -->
  </suite> <!-- Default suite -->
</testng-results>
